Determining if the IP_DONTFRAG exist failed with the following output:
Change Dir: /home/liuwei/lsquic/CMakeFiles/CMakeTmp

Run Build Command(s):/usr/bin/make -f Makefile cmTC_be1a2/fast && /usr/bin/make  -f CMakeFiles/cmTC_be1a2.dir/build.make CMakeFiles/cmTC_be1a2.dir/build
make[1]: Entering directory '/home/liuwei/lsquic/CMakeFiles/CMakeTmp'
Building C object CMakeFiles/cmTC_be1a2.dir/CheckSymbolExists.c.o
/usr/bin/cc   -DLSQUIC_DEBUG_NEXT_ADV_TICK=1 -DLSQUIC_CONN_STATS=1 -Wall -Wextra -Wno-unused-parameter -fno-omit-frame-pointer -fPIC -Wno-missing-field-initializers -O0 -g3   -o CMakeFiles/cmTC_be1a2.dir/CheckSymbolExists.c.o -c /home/liuwei/lsquic/CMakeFiles/CMakeTmp/CheckSymbolExists.c
/home/liuwei/lsquic/CMakeFiles/CMakeTmp/CheckSymbolExists.c: In function ‘main’:
/home/liuwei/lsquic/CMakeFiles/CMakeTmp/CheckSymbolExists.c:8:19: error: ‘IP_DONTFRAG’ undeclared (first use in this function); did you mean ‘IPV6_DONTFRAG’?
   return ((int*)(&IP_DONTFRAG))[argc];
                   ^~~~~~~~~~~
                   IPV6_DONTFRAG
/home/liuwei/lsquic/CMakeFiles/CMakeTmp/CheckSymbolExists.c:8:19: note: each undeclared identifier is reported only once for each function it appears in
/home/liuwei/lsquic/CMakeFiles/CMakeTmp/CheckSymbolExists.c:4:14: warning: parameter ‘argc’ set but not used [-Wunused-but-set-parameter]
 int main(int argc, char** argv)
              ^~~~
CMakeFiles/cmTC_be1a2.dir/build.make:77: recipe for target 'CMakeFiles/cmTC_be1a2.dir/CheckSymbolExists.c.o' failed
make[1]: *** [CMakeFiles/cmTC_be1a2.dir/CheckSymbolExists.c.o] Error 1
make[1]: Leaving directory '/home/liuwei/lsquic/CMakeFiles/CMakeTmp'
Makefile:127: recipe for target 'cmTC_be1a2/fast' failed
make: *** [cmTC_be1a2/fast] Error 2


File /home/liuwei/lsquic/CMakeFiles/CMakeTmp/CheckSymbolExists.c:
/* */
#include <netinet/in.h>

int main(int argc, char** argv)
{
  (void)argv;
#ifndef IP_DONTFRAG
  return ((int*)(&IP_DONTFRAG))[argc];
#else
  (void)argc;
  return 0;
#endif
}
