2024-01-18 05:10:56,497 - dash_client.py:746 - INFO - Downloading MPD file http://127.0.0.1:12345/BigBuckBunny_1s_simple_2014_05_09.mpd
2024-01-18 05:11:06,535 - read_mpd.py:151 - INFO - Reading the MPD file
2024-01-18 05:11:06,536 - read_mpd.py:187 - INFO - Retrieving Media
2024-01-18 05:11:06,536 - dash_client.py:764 - INFO - The DASH media has 20 video representations
2024-01-18 05:11:06,536 - dash_client.py:774 - CRITICAL - Started Basic-DASH Playback
2024-01-18 05:11:06,536 - dash_buffer.py:23 - INFO - Initializing the Buffer
2024-01-18 05:11:06,536 - dash_buffer.py:56 - INFO - VideoLength=595.46,segmentDuration=1,MaxBufferSize=595.46,InitialBuffer(secs)=1,BufferAlph(secs)=5,BufferBeta(secs)=10
2024-01-18 05:11:06,536 - dash_buffer.py:64 - INFO - Changing state from INITIALIZED to INITIAL_BUFFERING at 0 Playback time 
2024-01-18 05:11:06,537 - dash_buffer.py:271 - INFO - BufferStats: EpochTime=0,CurrentPlaybackTime=0,CurrentBufferSize=0,CurrentPlaybackState=INITIAL_BUFFERING,Action=Starting,Bitrate=0
2024-01-18 05:11:06,537 - dash_buffer.py:234 - INFO - Starting the Player
2024-01-18 05:11:06,537 - dash_buffer.py:271 - INFO - BufferStats: EpochTime=0,CurrentPlaybackTime=0,CurrentBufferSize=0,CurrentPlaybackState=INITIAL_BUFFERING,Action=Starting,Bitrate=0
2024-01-18 05:11:06,538 - dash_client.py:294 - INFO - The segments are stored in URLLIB_
2024-01-18 05:11:06,544 - dash_buffer.py:77 - INFO - Initialized player with video length 595.46
2024-01-18 05:11:06,544 - dash_client.py:365 - INFO - *************** segment_number:1*********************
2024-01-18 05:11:06,546 - dash_client.py:366 - INFO -  BASIC: Processing the segment 1
2024-01-18 05:11:06,563 - dash_client.py:436 - INFO - BASIC: Segment URL = http://127.0.0.1:12345/bunny_46980bps/BigBuckBunny_1s_init.mp4
2024-01-18 05:11:16,682 - dash_client.py:450 - INFO - BASIC: Downloaded segment http://127.0.0.1:12345/bunny_46980bps/BigBuckBunny_1s_init.mp4
2024-01-18 05:11:16,690 - dash_client.py:472 - INFO - BASIC : The total downloaded = 0, segment_size = 0, segment_number = 1
2024-01-18 05:11:16,695 - dash_buffer.py:203 - INFO - Writing segment 1 at time 1.00135803223e-05
2024-01-18 05:11:16,703 - dash_buffer.py:136 - INFO - Initial Waiting Time = 10.1580038071
2024-01-18 05:11:16,704 - dash_buffer.py:271 - INFO - BufferStats: EpochTime=8,CurrentPlaybackTime=0,CurrentBufferSize=1,CurrentPlaybackState=INITIAL_BUFFERING,Action=Writing,Bitrate=46980
2024-01-18 05:11:16,705 - dash_client.py:486 - INFO - Downloaded http://127.0.0.1:12345/bunny_46980bps/BigBuckBunny_1s_init.mp4. Size = 0 in 10.1261370182 seconds
2024-01-18 05:11:16,705 - dash_client.py:365 - INFO - *************** segment_number:2*********************
2024-01-18 05:11:16,705 - dash_client.py:366 - INFO -  BASIC: Processing the segment 2
2024-01-18 05:11:16,704 - dash_buffer.py:64 - INFO - Changing state from INITIAL_BUFFERING to PLAY at 0 Playback time 
2024-01-18 05:11:16,706 - basic_dash2.py:59 - INFO - Basic Adaptation: Download Rate = 0.0, next_bitrate = 46980.0
2024-01-18 05:11:16,707 - dash_client.py:387 - INFO - Basic-DASH: Selected 46980.0 for the segment 3
2024-01-18 05:11:16,707 - dash_client.py:436 - INFO - BASIC: Segment URL = http://127.0.0.1:12345/bunny_46980bps/BigBuckBunny_1s1.m4s
2024-01-18 05:11:16,706 - dash_buffer.py:271 - INFO - BufferStats: EpochTime=12,CurrentPlaybackTime=0,CurrentBufferSize=1,CurrentPlaybackState=PLAY,Action=InitialBuffering-Play,Bitrate=0
2024-01-18 05:11:16,708 - dash_buffer.py:159 - INFO - Reading the segment number 1 from the buffer at playtime 0
2024-01-18 05:11:16,709 - dash_buffer.py:271 - INFO - BufferStats: EpochTime=14,CurrentPlaybackTime=0,CurrentBufferSize=0,CurrentPlaybackState=PLAY,Action=StillPlaying,Bitrate=46980
2024-01-18 05:11:16,710 - dash_buffer.py:172 - INFO - Started playing with representation 46980 at 0
2024-01-18 05:11:16,716 - dash_client.py:458 - ERROR - Unable to save segment [Errno 32] Broken pipe
