2024-01-18 05:08:17,117 - dash_client.py:746 - INFO - Downloading MPD file http://127.0.0.1:12345/BigBuckBunny_1s_simple_2014_05_09.mpd
2024-01-18 05:08:27,203 - read_mpd.py:151 - INFO - Reading the MPD file
2024-01-18 05:08:27,206 - read_mpd.py:187 - INFO - Retrieving Media
2024-01-18 05:08:27,207 - dash_client.py:764 - INFO - The DASH media has 20 video representations
2024-01-18 05:08:27,207 - dash_client.py:774 - CRITICAL - Started Basic-DASH Playback
2024-01-18 05:08:27,207 - dash_buffer.py:23 - INFO - Initializing the Buffer
2024-01-18 05:08:27,208 - dash_buffer.py:56 - INFO - VideoLength=595.46,segmentDuration=1,MaxBufferSize=595.46,InitialBuffer(secs)=1,BufferAlph(secs)=5,BufferBeta(secs)=10
2024-01-18 05:08:27,208 - dash_buffer.py:64 - INFO - Changing state from INITIALIZED to INITIAL_BUFFERING at 0 Playback time 
2024-01-18 05:08:27,208 - dash_buffer.py:271 - INFO - BufferStats: EpochTime=0,CurrentPlaybackTime=0,CurrentBufferSize=0,CurrentPlaybackState=INITIAL_BUFFERING,Action=Starting,Bitrate=0
2024-01-18 05:08:27,208 - dash_buffer.py:234 - INFO - Starting the Player
2024-01-18 05:08:27,209 - dash_buffer.py:271 - INFO - BufferStats: EpochTime=0,CurrentPlaybackTime=0,CurrentBufferSize=0,CurrentPlaybackState=INITIAL_BUFFERING,Action=Starting,Bitrate=0
2024-01-18 05:08:27,209 - dash_client.py:294 - INFO - The segments are stored in URLLIB_
2024-01-18 05:08:27,226 - dash_client.py:365 - INFO - *************** segment_number:1*********************
2024-01-18 05:08:27,227 - dash_client.py:366 - INFO -  BASIC: Processing the segment 1
2024-01-18 05:08:27,227 - dash_client.py:436 - INFO - BASIC: Segment URL = http://127.0.0.1:12345/bunny_46980bps/BigBuckBunny_1s_init.mp4
2024-01-18 05:08:27,228 - dash_buffer.py:77 - INFO - Initialized player with video length 595.46
2024-01-18 05:08:37,317 - dash_client.py:450 - INFO - BASIC: Downloaded segment http://127.0.0.1:12345/bunny_46980bps/BigBuckBunny_1s_init.mp4
2024-01-18 05:08:37,318 - dash_client.py:472 - INFO - BASIC : The total downloaded = 0, segment_size = 0, segment_number = 1
2024-01-18 05:08:37,319 - dash_buffer.py:203 - INFO - Writing segment 1 at time 1.90734863281e-06
2024-01-18 05:08:37,320 - dash_buffer.py:136 - INFO - Initial Waiting Time = 10.0913958549
2024-01-18 05:08:37,320 - dash_buffer.py:64 - INFO - Changing state from INITIAL_BUFFERING to PLAY at 0 Playback time 
2024-01-18 05:08:37,321 - dash_buffer.py:271 - INFO - BufferStats: EpochTime=1,CurrentPlaybackTime=0,CurrentBufferSize=1,CurrentPlaybackState=PLAY,Action=Writing,Bitrate=46980
2024-01-18 05:08:37,321 - dash_client.py:486 - INFO - Downloaded http://127.0.0.1:12345/bunny_46980bps/BigBuckBunny_1s_init.mp4. Size = 0 in 10.0901548862 seconds
2024-01-18 05:08:37,321 - dash_buffer.py:271 - INFO - BufferStats: EpochTime=2,CurrentPlaybackTime=0,CurrentBufferSize=1,CurrentPlaybackState=PLAY,Action=InitialBuffering-Play,Bitrate=0
2024-01-18 05:08:37,321 - dash_client.py:365 - INFO - *************** segment_number:2*********************
2024-01-18 05:08:37,322 - dash_client.py:366 - INFO -  BASIC: Processing the segment 2
2024-01-18 05:08:37,322 - dash_buffer.py:159 - INFO - Reading the segment number 1 from the buffer at playtime 0
2024-01-18 05:08:37,330 - dash_buffer.py:271 - INFO - BufferStats: EpochTime=11,CurrentPlaybackTime=0,CurrentBufferSize=0,CurrentPlaybackState=PLAY,Action=StillPlaying,Bitrate=46980
2024-01-18 05:08:37,330 - dash_buffer.py:172 - INFO - Started playing with representation 46980 at 0
2024-01-18 05:08:37,324 - basic_dash2.py:59 - INFO - Basic Adaptation: Download Rate = 0.0, next_bitrate = 46980.0
2024-01-18 05:08:37,333 - dash_client.py:387 - INFO - Basic-DASH: Selected 46980.0 for the segment 3
2024-01-18 05:08:37,335 - dash_client.py:436 - INFO - BASIC: Segment URL = http://127.0.0.1:12345/bunny_46980bps/BigBuckBunny_1s1.m4s
2024-01-18 05:08:37,349 - dash_client.py:458 - ERROR - Unable to save segment [Errno 32] Broken pipe
